=== puma startup: 2017-06-20 11:31:23 +0800 ===
[13200] * Starting control server on unix:///home/zhilu/rails/blogs/blog/shared/tmp/sockets/pumactl.sock
Starting workers...
Before worker fork...
After worker fork...
Before worker fork...
On worker boot...
After worker fork...
Before worker fork...
On worker boot...
After worker fork...
Before worker fork...
On worker boot...
After worker fork...
Before worker fork...
On worker boot...
After worker fork...
Before worker fork...
On worker boot...
After worker fork...
Before worker fork...
On worker boot...
After worker fork...
Before worker fork...
On worker boot...
After worker fork...
[13200] - Worker 0 (pid: 13574) booted, phase: 0
[13200] - Worker 1 (pid: 13584) booted, phase: 0
[13200] - Worker 2 (pid: 13594) booted, phase: 0
[13200] - Worker 3 (pid: 13604) booted, phase: 0
[13200] - Worker 4 (pid: 13614) booted, phase: 0
[13200] - Worker 5 (pid: 13624) booted, phase: 0
[13200] - Worker 6 (pid: 13634) booted, phase: 0
On worker boot...
[13200] - Worker 7 (pid: 13690) booted, phase: 0
[13200] - Gracefully shutting down workers...
On worker shutdown...
On worker shutdown...
On worker shutdown...
On worker shutdown...
On worker shutdown...
On worker shutdown...
On worker shutdown...
On worker shutdown...
[13200] === puma shutdown: 2017-06-20 11:31:26 +0800 ===
[13200] - Goodbye!
=== puma startup: 2017-06-20 11:32:40 +0800 ===
[18488] * Starting control server on unix:///home/zhilu/rails/blogs/blog/shared/tmp/sockets/pumactl.sock
Starting workers...
Before worker fork...
After worker fork...
Before worker fork...
On worker boot...
After worker fork...
Before worker fork...
On worker boot...
After worker fork...
Before worker fork...
On worker boot...
After worker fork...
Before worker fork...
On worker boot...
After worker fork...
Before worker fork...
On worker boot...
After worker fork...
Before worker fork...
On worker boot...
After worker fork...
Before worker fork...
On worker boot...
After worker fork...
[18488] - Worker 0 (pid: 18859) booted, phase: 0
[18488] - Worker 1 (pid: 18869) booted, phase: 0
[18488] - Worker 2 (pid: 18878) booted, phase: 0
[18488] - Worker 3 (pid: 18889) booted, phase: 0
[18488] - Worker 4 (pid: 18899) booted, phase: 0
[18488] - Worker 5 (pid: 18909) booted, phase: 0
[18488] - Worker 6 (pid: 18919) booted, phase: 0
On worker boot...
[18488] - Worker 7 (pid: 18929) booted, phase: 0
